<?xml version="1.0" encoding="UTF-8"?>
<testng-results ignored="0" total="1" passed="1" failed="0" skipped="0">
  <reporter-output>
  </reporter-output>
  <suite started-at="2018-05-29T12:21:56Z" name="Default suite" finished-at="2018-05-29T12:22:05Z" duration-ms="8716">
    <groups>
    </groups>
    <test started-at="2018-05-29T12:21:56Z" name="Default test" finished-at="2018-05-29T12:22:05Z" duration-ms="8716">
      <class name="test.java.NewTest">
        <test-method is-config="true" signature="beforeTest()[pri:0, instance:test.java.NewTest@6b5176f2]" started-at="2018-05-29T12:21:56Z" name="beforeTest" finished-at="2018-05-29T12:22:00Z" duration-ms="3260" status="PASS">
          <reporter-output>
          </reporter-output>
        </test-method> <!-- beforeTest -->
        <test-method signature="TestUserCanGetExpectedResultOfSearch()[pri:0, instance:test.java.NewTest@6b5176f2]" started-at="2018-05-29T12:22:00Z" name="TestUserCanGetExpectedResultOfSearch" finished-at="2018-05-29T12:22:02Z" duration-ms="2529" status="PASS">
          <reporter-output>
          </reporter-output>
        </test-method> <!-- TestUserCanGetExpectedResultOfSearch -->
        <test-method is-config="true" signature="afterTest()[pri:0, instance:test.java.NewTest@6b5176f2]" started-at="2018-05-29T12:22:02Z" name="afterTest" finished-at="2018-05-29T12:22:05Z" duration-ms="2900" status="PASS">
          <reporter-output>
          </reporter-output>
        </test-method> <!-- afterTest -->
      </class> <!-- test.java.NewTest -->
    </test> <!-- Default test -->
  </suite> <!-- Default suite -->
</testng-results>
